# Configuration:
# 	Page cache size: 0 GB
# 	Workers: 2 working on 1 disks
# 	IO configuration: 8 queue depth (capped: yes, extra waiting: no)
# 	Queue configuration: 32 maximum pending callbaks per worker
# 	Datastructures: 3 (memory index) 3 (pagecache)
# 	Thread pinning: yes
# 	Bench: YCSB (10000000 elements)
Initializing random number generator (Zipf) -- this might take a while for large databases...
(main,39) [   201ms] Initializing random number generator (Zipf)
[SLAB WORKER 0] tid 8723
[SLAB WORKER 1] tid 8724
#Reserving memory for page cache...
#Reserving memory for page cache...
(page_cache_init,29) [   114ms] Page cache initialization
(page_cache_init,29) [   114ms] Page cache initialization
(main,44) [   117ms] Init found 0 elements
Initializing big array to insert elements in random order... This might take a while. (Feel free to comment but then the database will be sorted and scans much faster -- unfair vs other systems)
(repopulate_db,128) [   610ms] Big array of random positions
[WORKER BREAKDOWN] io_submit  7% - io_getevents  18% - io_cb   7% - wait  61% - slab_cb   4% -  118053 ops -  118044 ops/s -  26 ops / loop - 25414 cycles/op
[WORKER BREAKDOWN] io_submit  9% - io_getevents  18% - io_cb   7% - wait  59% - slab_cb   4% -  119670 ops -  119666 ops/s -  27 ops / loop - 25070 cycles/op
(repopulate_db_worker,72) [  1s] [ 594609 ops/s] Repopulating database (6%)
[WORKER BREAKDOWN] io_submit 19% - io_getevents  45% - io_cb  20% - wait   0% - slab_cb  14% -  290120 ops -  290097 ops/s -  26 ops / loop - 10341 cycles/op
[WORKER BREAKDOWN] io_submit 19% - io_getevents  45% - io_cb  20% - wait   0% - slab_cb  14% -  289244 ops -  289232 ops/s -  26 ops / loop - 10372 cycles/op
(repopulate_db_worker,72) [  2s] [ 570320 ops/s] Repopulating database (12%)
[WORKER BREAKDOWN] io_submit 19% - io_getevents  44% - io_cb  20% - wait   0% - slab_cb  16% -  283956 ops -  283955 ops/s -  26 ops / loop - 10565 cycles/op
[WORKER BREAKDOWN] io_submit 19% - io_getevents  43% - io_cb  20% - wait   0% - slab_cb  16% -  282988 ops -  282983 ops/s -  26 ops / loop - 10601 cycles/op
(repopulate_db_worker,72) [  3s] [ 562998 ops/s] Repopulating database (18%)
[WORKER BREAKDOWN] io_submit 19% - io_getevents  43% - io_cb  20% - wait   0% - slab_cb  16% -  280761 ops -  280738 ops/s -  26 ops / loop - 10686 cycles/op
[WORKER BREAKDOWN] io_submit 19% - io_getevents  43% - io_cb  20% - wait   0% - slab_cb  16% -  280092 ops -  280081 ops/s -  26 ops / loop - 10711 cycles/op
(repopulate_db_worker,72) [  4s] [ 557892 ops/s] Repopulating database (23%)
[WORKER BREAKDOWN] io_submit 18% - io_getevents  43% - io_cb  20% - wait   0% - slab_cb  17% -  278079 ops -  278060 ops/s -  26 ops / loop - 10789 cycles/op
[WORKER BREAKDOWN] io_submit 19% - io_getevents  43% - io_cb  20% - wait   0% - slab_cb  17% -  278644 ops -  278642 ops/s -  27 ops / loop - 10766 cycles/op
(repopulate_db_worker,72) [  5s] [ 555354 ops/s] Repopulating database (29%)
[WORKER BREAKDOWN] io_submit 18% - io_getevents  43% - io_cb  20% - wait   0% - slab_cb  17% -  277204 ops -  277180 ops/s -  26 ops / loop - 10823 cycles/op
[WORKER BREAKDOWN] io_submit 18% - io_getevents  42% - io_cb  20% - wait   0% - slab_cb  17% -  276828 ops -  276816 ops/s -  26 ops / loop - 10837 cycles/op
(repopulate_db_worker,72) [  6s] [ 551915 ops/s] Repopulating database (34%)
[WORKER BREAKDOWN] io_submit 18% - io_getevents  42% - io_cb  20% - wait   0% - slab_cb  18% -  276020 ops -  276013 ops/s -  26 ops / loop - 10869 cycles/op
[WORKER BREAKDOWN] io_submit 18% - io_getevents  42% - io_cb  20% - wait   0% - slab_cb  18% -  275692 ops -  275665 ops/s -  26 ops / loop - 10883 cycles/op
(repopulate_db_worker,72) [  7s] [ 550113 ops/s] Repopulating database (40%)
[WORKER BREAKDOWN] io_submit 18% - io_getevents  42% - io_cb  20% - wait   0% - slab_cb  18% -  275212 ops -  275191 ops/s -  26 ops / loop - 10901 cycles/op
[WORKER BREAKDOWN] io_submit 18% - io_getevents  42% - io_cb  20% - wait   0% - slab_cb  18% -  274296 ops -  274292 ops/s -  26 ops / loop - 10937 cycles/op
(repopulate_db_worker,72) [  8s] [ 548716 ops/s] Repopulating database (45%)
[WORKER BREAKDOWN] io_submit 18% - io_getevents  42% - io_cb  20% - wait   0% - slab_cb  18% -  273236 ops -  273233 ops/s -  26 ops / loop - 10979 cycles/op
[WORKER BREAKDOWN] io_submit 18% - io_getevents  42% - io_cb  20% - wait   0% - slab_cb  18% -  274412 ops -  274396 ops/s -  27 ops / loop - 10933 cycles/op
(repopulate_db_worker,72) [  9s] [ 547237 ops/s] Repopulating database (51%)
[WORKER BREAKDOWN] io_submit 18% - io_getevents  42% - io_cb  20% - wait   0% - slab_cb  18% -  273528 ops -  273512 ops/s -  26 ops / loop - 10968 cycles/op
[WORKER BREAKDOWN] io_submit 18% - io_getevents  42% - io_cb  20% - wait   0% - slab_cb  18% -  273372 ops -  273356 ops/s -  26 ops / loop - 10975 cycles/op
(repopulate_db_worker,72) [ 10s] [ 544395 ops/s] Repopulating database (56%)
[WORKER BREAKDOWN] io_submit 18% - io_getevents  42% - io_cb  20% - wait   0% - slab_cb  18% -  271324 ops -  271306 ops/s -  26 ops / loop - 11057 cycles/op
[WORKER BREAKDOWN] io_submit 18% - io_getevents  42% - io_cb  20% - wait   0% - slab_cb  18% -  271496 ops -  271488 ops/s -  26 ops / loop - 11050 cycles/op
(repopulate_db_worker,72) [ 11s] [ 541227 ops/s] Repopulating database (62%)
[WORKER BREAKDOWN] io_submit 18% - io_getevents  42% - io_cb  20% - wait   0% - slab_cb  18% -  270328 ops -  270311 ops/s -  26 ops / loop - 11098 cycles/op
[WORKER BREAKDOWN] io_submit 18% - io_getevents  42% - io_cb  20% - wait   0% - slab_cb  18% -  270724 ops -  270719 ops/s -  26 ops / loop - 11081 cycles/op
(repopulate_db_worker,72) [ 12s] [ 541845 ops/s] Repopulating database (67%)
[WORKER BREAKDOWN] io_submit 18% - io_getevents  42% - io_cb  20% - wait   0% - slab_cb  19% -  270795 ops -  270788 ops/s -  26 ops / loop - 11079 cycles/op
[WORKER BREAKDOWN] io_submit 18% - io_getevents  41% - io_cb  20% - wait   0% - slab_cb  19% -  269984 ops -  269979 ops/s -  26 ops / loop - 11112 cycles/op
(repopulate_db_worker,72) [ 13s] [ 539572 ops/s] Repopulating database (73%)
[WORKER BREAKDOWN] io_submit 18% - io_getevents  42% - io_cb  20% - wait   0% - slab_cb  19% -  269809 ops -  269793 ops/s -  26 ops / loop - 11119 cycles/op
[WORKER BREAKDOWN] io_submit 18% - io_getevents  41% - io_cb  20% - wait   0% - slab_cb  19% -  270124 ops -  270097 ops/s -  26 ops / loop - 11107 cycles/op
(repopulate_db_worker,72) [ 14s] [ 538482 ops/s] Repopulating database (78%)
[WORKER BREAKDOWN] io_submit 18% - io_getevents  42% - io_cb  20% - wait   0% - slab_cb  19% -  268376 ops -  268375 ops/s -  26 ops / loop - 11178 cycles/op
[WORKER BREAKDOWN] io_submit 18% - io_getevents  41% - io_cb  20% - wait   0% - slab_cb  19% -  269260 ops -  269251 ops/s -  26 ops / loop - 11142 cycles/op
(repopulate_db_worker,72) [ 15s] [ 537236 ops/s] Repopulating database (83%)
[WORKER BREAKDOWN] io_submit 18% - io_getevents  41% - io_cb  20% - wait   0% - slab_cb  19% -  268727 ops -  268717 ops/s -  26 ops / loop - 11164 cycles/op
[WORKER BREAKDOWN] io_submit 18% - io_getevents  41% - io_cb  20% - wait   0% - slab_cb  19% -  267832 ops -  267830 ops/s -  26 ops / loop - 11201 cycles/op
(repopulate_db_worker,72) [ 16s] [ 534658 ops/s] Repopulating database (89%)
[WORKER BREAKDOWN] io_submit 18% - io_getevents  41% - io_cb  20% - wait   0% - slab_cb  19% -  265649 ops -  265636 ops/s -  26 ops / loop - 11293 cycles/op
[WORKER BREAKDOWN] io_submit 18% - io_getevents  41% - io_cb  20% - wait   0% - slab_cb  19% -  267604 ops -  267583 ops/s -  26 ops / loop - 11211 cycles/op
(repopulate_db_worker,72) [ 17s] [ 532698 ops/s] Repopulating database (94%)
[WORKER BREAKDOWN] io_submit 18% - io_getevents  41% - io_cb  20% - wait   0% - slab_cb  19% -  267012 ops -  267003 ops/s -  26 ops / loop - 11236 cycles/op
[WORKER BREAKDOWN] io_submit 18% - io_getevents  41% - io_cb  20% - wait   0% - slab_cb  19% -  266016 ops -  265989 ops/s -  26 ops / loop - 11279 cycles/op
(repopulate_db_worker,72) [ 18s] [ 532465 ops/s] Repopulating database (99%)
(repopulate_db,149) [ 18223ms] Repopulating 10000000 elements (548750 req/s)
[WORKER BREAKDOWN] io_submit 19% - io_getevents  44% - io_cb  17% - wait   0% - slab_cb  18% -  241093 ops -  241085 ops/s -  22 ops / loop - 12444 cycles/op
[WORKER BREAKDOWN] io_submit 19% - io_getevents  43% - io_cb  17% - wait   0% - slab_cb  18% -  241534 ops -  241532 ops/s -  22 ops / loop - 12421 cycles/op
(_launch_ycsb,47) [  1s] [ 232162 ops/s] YCSB Load Injector (2%)
[WORKER BREAKDOWN] io_submit 24% - io_getevents  55% - io_cb   4% - wait   0% - slab_cb  15% -  115533 ops -  115532 ops/s -   7 ops / loop - 25967 cycles/op
[WORKER BREAKDOWN] io_submit 24% - io_getevents  55% - io_cb   4% - wait   0% - slab_cb  15% -  115202 ops -  115198 ops/s -   7 ops / loop - 26042 cycles/op
(_launch_ycsb,47) [  2s] [ 229198 ops/s] YCSB Load Injector (4%)
[WORKER BREAKDOWN] io_submit 24% - io_getevents  54% - io_cb   4% - wait   0% - slab_cb  15% -  114378 ops -  114375 ops/s -   7 ops / loop - 26230 cycles/op
[WORKER BREAKDOWN] io_submit 24% - io_getevents  54% - io_cb   4% - wait   0% - slab_cb  16% -  114702 ops -  114697 ops/s -   7 ops / loop - 26156 cycles/op
(_launch_ycsb,47) [  3s] [ 228506 ops/s] YCSB Load Injector (6%)
[WORKER BREAKDOWN] io_submit 24% - io_getevents  54% - io_cb   4% - wait   0% - slab_cb  15% -  114329 ops -  114324 ops/s -   7 ops / loop - 26241 cycles/op
[WORKER BREAKDOWN] io_submit 24% - io_getevents  54% - io_cb   4% - wait   0% - slab_cb  15% -  114017 ops -  114011 ops/s -   7 ops / loop - 26313 cycles/op
(_launch_ycsb,47) [  4s] [ 228370 ops/s] YCSB Load Injector (9%)
[WORKER BREAKDOWN] io_submit 24% - io_getevents  54% - io_cb   4% - wait   0% - slab_cb  15% -  114063 ops -  114058 ops/s -   7 ops / loop - 26303 cycles/op
[WORKER BREAKDOWN] io_submit 24% - io_getevents  54% - io_cb   4% - wait   0% - slab_cb  15% -  114387 ops -  114381 ops/s -   7 ops / loop - 26228 cycles/op
(_launch_ycsb,47) [  5s] [ 227506 ops/s] YCSB Load Injector (11%)
[WORKER BREAKDOWN] io_submit 24% - io_getevents  54% - io_cb   4% - wait   0% - slab_cb  15% -  113752 ops -  113748 ops/s -   7 ops / loop - 26374 cycles/op
[WORKER BREAKDOWN] io_submit 24% - io_getevents  54% - io_cb   4% - wait   0% - slab_cb  15% -  113458 ops -  113453 ops/s -   7 ops / loop - 26443 cycles/op
(_launch_ycsb,47) [  6s] [ 227186 ops/s] YCSB Load Injector (13%)
[WORKER BREAKDOWN] io_submit 25% - io_getevents  54% - io_cb   4% - wait   0% - slab_cb  15% -  113506 ops -  113502 ops/s -   7 ops / loop - 26431 cycles/op
[WORKER BREAKDOWN] io_submit 25% - io_getevents  54% - io_cb   4% - wait   0% - slab_cb  15% -  113768 ops -  113767 ops/s -   7 ops / loop - 26370 cycles/op
(_launch_ycsb,47) [  7s] [ 226863 ops/s] YCSB Load Injector (15%)
[WORKER BREAKDOWN] io_submit 25% - io_getevents  54% - io_cb   4% - wait   0% - slab_cb  15% -  113463 ops -  113458 ops/s -   7 ops / loop - 26442 cycles/op
[WORKER BREAKDOWN] io_submit 24% - io_getevents  54% - io_cb   4% - wait   0% - slab_cb  15% -  113159 ops -  113157 ops/s -   7 ops / loop - 26512 cycles/op
(_launch_ycsb,47) [  8s] [ 226576 ops/s] YCSB Load Injector (18%)
[WORKER BREAKDOWN] io_submit 25% - io_getevents  54% - io_cb   4% - wait   0% - slab_cb  15% -  113181 ops -  113176 ops/s -   7 ops / loop - 26508 cycles/op
[WORKER BREAKDOWN] io_submit 25% - io_getevents  54% - io_cb   4% - wait   0% - slab_cb  15% -  113426 ops -  113423 ops/s -   7 ops / loop - 26450 cycles/op
(_launch_ycsb,47) [  9s] [ 226504 ops/s] YCSB Load Injector (20%)
[WORKER BREAKDOWN] io_submit 25% - io_getevents  54% - io_cb   4% - wait   0% - slab_cb  15% -  113403 ops -  113396 ops/s -   7 ops / loop - 26456 cycles/op
[WORKER BREAKDOWN] io_submit 25% - io_getevents  54% - io_cb   4% - wait   0% - slab_cb  15% -  113248 ops -  113242 ops/s -   7 ops / loop - 26492 cycles/op
(_launch_ycsb,47) [ 10s] [ 226262 ops/s] YCSB Load Injector (22%)
[WORKER BREAKDOWN] io_submit 25% - io_getevents  54% - io_cb   4% - wait   0% - slab_cb  15% -  112983 ops -  112976 ops/s -   7 ops / loop - 26554 cycles/op
[WORKER BREAKDOWN] io_submit 25% - io_getevents  54% - io_cb   4% - wait   0% - slab_cb  15% -  113078 ops -  113072 ops/s -   7 ops / loop - 26532 cycles/op
(_launch_ycsb,47) [ 11s] [ 226263 ops/s] YCSB Load Injector (25%)
[WORKER BREAKDOWN] io_submit 25% - io_getevents  54% - io_cb   4% - wait   0% - slab_cb  15% -  113124 ops -  113120 ops/s -   7 ops / loop - 26521 cycles/op
[WORKER BREAKDOWN] io_submit 25% - io_getevents  54% - io_cb   4% - wait   0% - slab_cb  15% -  113151 ops -  113145 ops/s -   7 ops / loop - 26515 cycles/op
(_launch_ycsb,47) [ 12s] [ 225935 ops/s] YCSB Load Injector (27%)
[WORKER BREAKDOWN] io_submit 25% - io_getevents  54% - io_cb   4% - wait   0% - slab_cb  15% -  113132 ops -  113126 ops/s -   7 ops / loop - 26519 cycles/op
[WORKER BREAKDOWN] io_submit 25% - io_getevents  54% - io_cb   4% - wait   0% - slab_cb  15% -  112987 ops -  112986 ops/s -   7 ops / loop - 26552 cycles/op
(_launch_ycsb,47) [ 13s] [ 225957 ops/s] YCSB Load Injector (29%)
[WORKER BREAKDOWN] io_submit 25% - io_getevents  54% - io_cb   4% - wait   0% - slab_cb  15% -  112783 ops -  112782 ops/s -   7 ops / loop - 26600 cycles/op
[WORKER BREAKDOWN] io_submit 25% - io_getevents  54% - io_cb   4% - wait   0% - slab_cb  15% -  112924 ops -  112917 ops/s -   7 ops / loop - 26569 cycles/op
(_launch_ycsb,47) [ 14s] [ 225979 ops/s] YCSB Load Injector (31%)
[WORKER BREAKDOWN] io_submit 25% - io_getevents  54% - io_cb   4% - wait   0% - slab_cb  15% -  113107 ops -  113106 ops/s -   7 ops / loop - 26524 cycles/op
[WORKER BREAKDOWN] io_submit 25% - io_getevents  54% - io_cb   4% - wait   0% - slab_cb  15% -  112954 ops -  112951 ops/s -   7 ops / loop - 26560 cycles/op
(_launch_ycsb,47) [ 15s] [ 225663 ops/s] YCSB Load Injector (34%)
[WORKER BREAKDOWN] io_submit 25% - io_getevents  54% - io_cb   4% - wait   0% - slab_cb  15% -  112669 ops -  112666 ops/s -   7 ops / loop - 26628 cycles/op
[WORKER BREAKDOWN] io_submit 25% - io_getevents  54% - io_cb   4% - wait   0% - slab_cb  15% -  112936 ops -  112931 ops/s -   7 ops / loop - 26565 cycles/op
(_launch_ycsb,47) [ 16s] [ 225487 ops/s] YCSB Load Injector (36%)
[WORKER BREAKDOWN] io_submit 25% - io_getevents  54% - io_cb   4% - wait   0% - slab_cb  15% -  112959 ops -  112953 ops/s -   7 ops / loop - 26560 cycles/op
[WORKER BREAKDOWN] io_submit 25% - io_getevents  54% - io_cb   4% - wait   0% - slab_cb  15% -  112675 ops -  112670 ops/s -   7 ops / loop - 26627 cycles/op
(_launch_ycsb,47) [ 17s] [ 225698 ops/s] YCSB Load Injector (38%)
[WORKER BREAKDOWN] io_submit 25% - io_getevents  54% - io_cb   4% - wait   0% - slab_cb  15% -  112697 ops -  112692 ops/s -   7 ops / loop - 26621 cycles/op
[WORKER BREAKDOWN] io_submit 25% - io_getevents  54% - io_cb   4% - wait   0% - slab_cb  16% -  112985 ops -  112979 ops/s -   7 ops / loop - 26554 cycles/op
(_launch_ycsb,47) [ 18s] [ 225459 ops/s] YCSB Load Injector (40%)
[WORKER BREAKDOWN] io_submit 25% - io_getevents  54% - io_cb   4% - wait   0% - slab_cb  15% -  112865 ops -  112858 ops/s -   7 ops / loop - 26582 cycles/op
[WORKER BREAKDOWN] io_submit 25% - io_getevents  54% - io_cb   4% - wait   0% - slab_cb  15% -  112628 ops -  112621 ops/s -   7 ops / loop - 26638 cycles/op
(_launch_ycsb,47) [ 19s] [ 225678 ops/s] YCSB Load Injector (43%)
[WORKER BREAKDOWN] io_submit 25% - io_getevents  54% - io_cb   4% - wait   0% - slab_cb  15% -  112710 ops -  112705 ops/s -   7 ops / loop - 26619 cycles/op
[WORKER BREAKDOWN] io_submit 25% - io_getevents  54% - io_cb   4% - wait   0% - slab_cb  15% -  112803 ops -  112801 ops/s -   7 ops / loop - 26596 cycles/op
(_launch_ycsb,47) [ 20s] [ 224805 ops/s] YCSB Load Injector (45%)
[WORKER BREAKDOWN] io_submit 25% - io_getevents  54% - io_cb   4% - wait   0% - slab_cb  15% -  112406 ops -  112403 ops/s -   7 ops / loop - 26690 cycles/op
[WORKER BREAKDOWN] io_submit 25% - io_getevents  54% - io_cb   4% - wait   0% - slab_cb  15% -  112427 ops -  112425 ops/s -   7 ops / loop - 26685 cycles/op
(_launch_ycsb,47) [ 21s] [ 224825 ops/s] YCSB Load Injector (47%)
[WORKER BREAKDOWN] io_submit 25% - io_getevents  54% - io_cb   4% - wait   0% - slab_cb  15% -  112470 ops -  112462 ops/s -   7 ops / loop - 26676 cycles/op
[WORKER BREAKDOWN] io_submit 25% - io_getevents  54% - io_cb   4% - wait   0% - slab_cb  15% -  112343 ops -  112341 ops/s -   7 ops / loop - 26705 cycles/op
(_launch_ycsb,47) [ 22s] [ 225080 ops/s] YCSB Load Injector (49%)
[WORKER BREAKDOWN] io_submit 25% - io_getevents  54% - io_cb   4% - wait   0% - slab_cb  15% -  112477 ops -  112469 ops/s -   7 ops / loop - 26674 cycles/op
[WORKER BREAKDOWN] io_submit 25% - io_getevents  54% - io_cb   4% - wait   0% - slab_cb  15% -  112649 ops -  112645 ops/s -   7 ops / loop - 26633 cycles/op
(_launch_ycsb,47) [ 23s] [ 224967 ops/s] YCSB Load Injector (52%)
[WORKER BREAKDOWN] io_submit 25% - io_getevents  54% - io_cb   4% - wait   0% - slab_cb  15% -  112643 ops -  112639 ops/s -   7 ops / loop - 26634 cycles/op
[WORKER BREAKDOWN] io_submit 25% - io_getevents  54% - io_cb   4% - wait   0% - slab_cb  15% -  112376 ops -  112375 ops/s -   7 ops / loop - 26697 cycles/op
(_launch_ycsb,47) [ 24s] [ 224926 ops/s] YCSB Load Injector (54%)
[WORKER BREAKDOWN] io_submit 25% - io_getevents  54% - io_cb   4% - wait   0% - slab_cb  15% -  112260 ops -  112253 ops/s -   7 ops / loop - 26726 cycles/op
[WORKER BREAKDOWN] io_submit 25% - io_getevents  54% - io_cb   4% - wait   0% - slab_cb  15% -  112547 ops -  112543 ops/s -   7 ops / loop - 26657 cycles/op
(_launch_ycsb,47) [ 25s] [ 224997 ops/s] YCSB Load Injector (56%)
[WORKER BREAKDOWN] io_submit 25% - io_getevents  54% - io_cb   4% - wait   0% - slab_cb  15% -  112669 ops -  112664 ops/s -   7 ops / loop - 26628 cycles/op
[WORKER BREAKDOWN] io_submit 25% - io_getevents  54% - io_cb   4% - wait   0% - slab_cb  15% -  112406 ops -  112403 ops/s -   7 ops / loop - 26690 cycles/op
(_launch_ycsb,47) [ 26s] [ 224924 ops/s] YCSB Load Injector (58%)
[WORKER BREAKDOWN] io_submit 25% - io_getevents  54% - io_cb   4% - wait   0% - slab_cb  15% -  112468 ops -  112456 ops/s -   7 ops / loop - 26677 cycles/op
[WORKER BREAKDOWN] io_submit 25% - io_getevents  54% - io_cb   4% - wait   0% - slab_cb  15% -  112659 ops -  112655 ops/s -   7 ops / loop - 26630 cycles/op
(_launch_ycsb,47) [ 27s] [ 225194 ops/s] YCSB Load Injector (61%)
[WORKER BREAKDOWN] io_submit 25% - io_getevents  54% - io_cb   4% - wait   0% - slab_cb  15% -  112431 ops -  112420 ops/s -   7 ops / loop - 26686 cycles/op
[WORKER BREAKDOWN] io_submit 25% - io_getevents  54% - io_cb   4% - wait   0% - slab_cb  15% -  112379 ops -  112373 ops/s -   7 ops / loop - 26697 cycles/op
(_launch_ycsb,47) [ 28s] [ 224799 ops/s] YCSB Load Injector (63%)
[WORKER BREAKDOWN] io_submit 25% - io_getevents  54% - io_cb   4% - wait   0% - slab_cb  15% -  112621 ops -  112616 ops/s -   7 ops / loop - 26639 cycles/op
[WORKER BREAKDOWN] io_submit 25% - io_getevents  54% - io_cb   4% - wait   0% - slab_cb  15% -  112514 ops -  112510 ops/s -   7 ops / loop - 26665 cycles/op
(_launch_ycsb,47) [ 29s] [ 225892 ops/s] YCSB Load Injector (65%)
[WORKER BREAKDOWN] io_submit 25% - io_getevents  53% - io_cb   4% - wait   0% - slab_cb  15% -  112743 ops -  112741 ops/s -   7 ops / loop - 26610 cycles/op
[WORKER BREAKDOWN] io_submit 25% - io_getevents  54% - io_cb   4% - wait   0% - slab_cb  16% -  112888 ops -  112884 ops/s -   7 ops / loop - 26576 cycles/op
(_launch_ycsb,47) [ 30s] [ 224405 ops/s] YCSB Load Injector (67%)
[WORKER BREAKDOWN] io_submit 25% - io_getevents  54% - io_cb   4% - wait   0% - slab_cb  15% -  112287 ops -  112284 ops/s -   7 ops / loop - 26718 cycles/op
[WORKER BREAKDOWN] io_submit 25% - io_getevents  54% - io_cb   4% - wait   0% - slab_cb  15% -  112071 ops -  112061 ops/s -   7 ops / loop - 26771 cycles/op
(_launch_ycsb,47) [ 31s] [ 224897 ops/s] YCSB Load Injector (70%)
[WORKER BREAKDOWN] io_submit 25% - io_getevents  54% - io_cb   4% - wait   0% - slab_cb  15% -  112271 ops -  112268 ops/s -   7 ops / loop - 26722 cycles/op
[WORKER BREAKDOWN] io_submit 25% - io_getevents  54% - io_cb   4% - wait   0% - slab_cb  15% -  112571 ops -  112567 ops/s -   7 ops / loop - 26651 cycles/op
(_launch_ycsb,47) [ 32s] [ 224330 ops/s] YCSB Load Injector (72%)
[WORKER BREAKDOWN] io_submit 25% - io_getevents  54% - io_cb   4% - wait   0% - slab_cb  15% -  112420 ops -  112415 ops/s -   7 ops / loop - 26687 cycles/op
[WORKER BREAKDOWN] io_submit 25% - io_getevents  54% - io_cb   4% - wait   0% - slab_cb  15% -  112135 ops -  112126 ops/s -   7 ops / loop - 26756 cycles/op
(_launch_ycsb,47) [ 33s] [ 224973 ops/s] YCSB Load Injector (74%)
[WORKER BREAKDOWN] io_submit 25% - io_getevents  54% - io_cb   4% - wait   0% - slab_cb  15% -  112386 ops -  112381 ops/s -   7 ops / loop - 26695 cycles/op
[WORKER BREAKDOWN] io_submit 25% - io_getevents  54% - io_cb   4% - wait   0% - slab_cb  15% -  112626 ops -  112624 ops/s -   7 ops / loop - 26638 cycles/op
(_launch_ycsb,47) [ 34s] [ 224472 ops/s] YCSB Load Injector (76%)
[WORKER BREAKDOWN] io_submit 25% - io_getevents  54% - io_cb   4% - wait   0% - slab_cb  15% -  112182 ops -  112181 ops/s -   7 ops / loop - 26743 cycles/op
[WORKER BREAKDOWN] io_submit 25% - io_getevents  54% - io_cb   4% - wait   0% - slab_cb  15% -  112084 ops -  112077 ops/s -   7 ops / loop - 26768 cycles/op
(_launch_ycsb,47) [ 35s] [ 224724 ops/s] YCSB Load Injector (79%)
[WORKER BREAKDOWN] io_submit 25% - io_getevents  54% - io_cb   4% - wait   0% - slab_cb  15% -  112561 ops -  112558 ops/s -   7 ops / loop - 26653 cycles/op
[WORKER BREAKDOWN] io_submit 25% - io_getevents  54% - io_cb   4% - wait   0% - slab_cb  15% -  112523 ops -  112516 ops/s -   7 ops / loop - 26663 cycles/op
(_launch_ycsb,47) [ 36s] [ 225201 ops/s] YCSB Load Injector (81%)
[WORKER BREAKDOWN] io_submit 25% - io_getevents  53% - io_cb   4% - wait   0% - slab_cb  15% -  112598 ops -  112591 ops/s -   7 ops / loop - 26645 cycles/op
[WORKER BREAKDOWN] io_submit 25% - io_getevents  53% - io_cb   4% - wait   0% - slab_cb  15% -  112705 ops -  112704 ops/s -   7 ops / loop - 26619 cycles/op
(_launch_ycsb,47) [ 37s] [ 225050 ops/s] YCSB Load Injector (83%)
[WORKER BREAKDOWN] io_submit 25% - io_getevents  54% - io_cb   4% - wait   0% - slab_cb  15% -  112468 ops -  112464 ops/s -   7 ops / loop - 26676 cycles/op
[WORKER BREAKDOWN] io_submit 25% - io_getevents  54% - io_cb   4% - wait   0% - slab_cb  15% -  112274 ops -  112268 ops/s -   7 ops / loop - 26722 cycles/op
(_launch_ycsb,47) [ 38s] [ 224623 ops/s] YCSB Load Injector (85%)
[WORKER BREAKDOWN] io_submit 25% - io_getevents  54% - io_cb   4% - wait   0% - slab_cb  15% -  112194 ops -  112191 ops/s -   7 ops / loop - 26740 cycles/op
[WORKER BREAKDOWN] io_submit 25% - io_getevents  54% - io_cb   4% - wait   0% - slab_cb  15% -  112479 ops -  112474 ops/s -   7 ops / loop - 26673 cycles/op
(_launch_ycsb,47) [ 39s] [ 224838 ops/s] YCSB Load Injector (88%)
[WORKER BREAKDOWN] io_submit 25% - io_getevents  54% - io_cb   4% - wait   0% - slab_cb  15% -  112520 ops -  112513 ops/s -   7 ops / loop - 26664 cycles/op
[WORKER BREAKDOWN] io_submit 25% - io_getevents  54% - io_cb   4% - wait   0% - slab_cb  15% -  112213 ops -  112203 ops/s -   7 ops / loop - 26738 cycles/op
(_launch_ycsb,47) [ 40s] [ 224462 ops/s] YCSB Load Injector (90%)
[WORKER BREAKDOWN] io_submit 25% - io_getevents  54% - io_cb   4% - wait   0% - slab_cb  15% -  112246 ops -  112243 ops/s -   7 ops / loop - 26728 cycles/op
[WORKER BREAKDOWN] io_submit 25% - io_getevents  54% - io_cb   4% - wait   0% - slab_cb  15% -  112494 ops -  112493 ops/s -   7 ops / loop - 26669 cycles/op
(_launch_ycsb,47) [ 41s] [ 224389 ops/s] YCSB Load Injector (92%)
[WORKER BREAKDOWN] io_submit 25% - io_getevents  54% - io_cb   4% - wait   0% - slab_cb  15% -  112202 ops -  112194 ops/s -   7 ops / loop - 26740 cycles/op
[WORKER BREAKDOWN] io_submit 25% - io_getevents  54% - io_cb   4% - wait   0% - slab_cb  15% -  112089 ops -  112083 ops/s -   7 ops / loop - 26766 cycles/op
(_launch_ycsb,47) [ 42s] [ 224984 ops/s] YCSB Load Injector (94%)
[WORKER BREAKDOWN] io_submit 25% - io_getevents  54% - io_cb   4% - wait   0% - slab_cb  15% -  112446 ops -  112445 ops/s -   7 ops / loop - 26680 cycles/op
[WORKER BREAKDOWN] io_submit 25% - io_getevents  54% - io_cb   4% - wait   0% - slab_cb  15% -  112433 ops -  112423 ops/s -   7 ops / loop - 26685 cycles/op
(_launch_ycsb,47) [ 43s] [ 224507 ops/s] YCSB Load Injector (97%)
[WORKER BREAKDOWN] io_submit 25% - io_getevents  54% - io_cb   4% - wait   0% - slab_cb  15% -  112249 ops -  112245 ops/s -   7 ops / loop - 26727 cycles/op
[WORKER BREAKDOWN] io_submit 25% - io_getevents  54% - io_cb   4% - wait   0% - slab_cb  15% -  112370 ops -  112362 ops/s -   7 ops / loop - 26700 cycles/op
(_launch_ycsb,47) [ 44s] [ 224605 ops/s] YCSB Load Injector (99%)
[WORKER BREAKDOWN] io_submit 25% - io_getevents  54% - io_cb   4% - wait   0% - slab_cb  15% -  112465 ops -  112459 ops/s -   7 ops / loop - 26677 cycles/op
[WORKER BREAKDOWN] io_submit 25% - io_getevents  54% - io_cb   4% - wait   0% - slab_cb  15% -  112253 ops -  112246 ops/s -   7 ops / loop - 26727 cycles/op
(run_workload,269) [ 44302ms] YCSB A - Uniform - 10000000 requests (225719 req/s)
#Latency:
#	AVG - 263 us
#	99p - 400 us
#	max - 638 us
[WORKER BREAKDOWN] io_submit  2% - io_getevents   4% - io_cb   0% - wait  91% - slab_cb   1% -   15354 ops -    9381 ops/s -   8 ops / loop - 319772 cycles/op
[WORKER BREAKDOWN] io_submit  2% - io_getevents   4% - io_cb   0% - wait  91% - slab_cb   1% -   15239 ops -    9300 ops/s -   7 ops / loop - 322560 cycles/op
(_launch_ycsb,47) [  1s] [ 316195 ops/s] YCSB Load Injector (3%)
[WORKER BREAKDOWN] io_submit 25% - io_getevents  48% - io_cb   3% - wait   0% - slab_cb  21% -  158003 ops -  157998 ops/s -   7 ops / loop - 18988 cycles/op
[WORKER BREAKDOWN] io_submit 25% - io_getevents  48% - io_cb   3% - wait   0% - slab_cb  21% -  158178 ops -  158169 ops/s -   7 ops / loop - 18967 cycles/op
(_launch_ycsb,47) [  2s] [ 316588 ops/s] YCSB Load Injector (6%)
[WORKER BREAKDOWN] io_submit 25% - io_getevents  48% - io_cb   3% - wait   0% - slab_cb  21% -  158234 ops -  158232 ops/s -   7 ops / loop - 18960 cycles/op
[WORKER BREAKDOWN] io_submit 25% - io_getevents  48% - io_cb   3% - wait   0% - slab_cb  21% -  158357 ops -  158352 ops/s -   7 ops / loop - 18945 cycles/op
(_launch_ycsb,47) [  3s] [ 316492 ops/s] YCSB Load Injector (9%)
[WORKER BREAKDOWN] io_submit 25% - io_getevents  48% - io_cb   3% - wait   0% - slab_cb  21% -  158301 ops -  158296 ops/s -   7 ops / loop - 18952 cycles/op
[WORKER BREAKDOWN] io_submit 25% - io_getevents  48% - io_cb   3% - wait   0% - slab_cb  21% -  158204 ops -  158203 ops/s -   7 ops / loop - 18963 cycles/op
[WORKER BREAKDOWN] io_submit 25% - io_getevents  48% - io_cb   3% - wait   0% - slab_cb  21% -  158325 ops -  158321 ops/s -   7 ops / loop - 18949 cycles/op
(_launch_ycsb,47) [  4s] [ 316447 ops/s] YCSB Load Injector (12%)
[WORKER BREAKDOWN] io_submit 25% - io_getevents  48% - io_cb   3% - wait   0% - slab_cb  21% -  158133 ops -  158128 ops/s -   7 ops / loop - 18972 cycles/op
(_launch_ycsb,47) [  5s] [ 316097 ops/s] YCSB Load Injector (15%)
[WORKER BREAKDOWN] io_submit 25% - io_getevents  48% - io_cb   3% - wait   0% - slab_cb  21% -  158064 ops -  158057 ops/s -   7 ops / loop - 18981 cycles/op
[WORKER BREAKDOWN] io_submit 25% - io_getevents  48% - io_cb   3% - wait   0% - slab_cb  21% -  158035 ops -  158025 ops/s -   7 ops / loop - 18984 cycles/op
(_launch_ycsb,47) [  6s] [ 316003 ops/s] YCSB Load Injector (18%)
[WORKER BREAKDOWN] io_submit 25% - io_getevents  48% - io_cb   3% - wait   0% - slab_cb  21% -  157998 ops -  157986 ops/s -   7 ops / loop - 18989 cycles/op
[WORKER BREAKDOWN] io_submit 25% - io_getevents  48% - io_cb   3% - wait   0% - slab_cb  21% -  158034 ops -  158024 ops/s -   7 ops / loop - 18984 cycles/op
(_launch_ycsb,47) [  7s] [ 316454 ops/s] YCSB Load Injector (22%)
[WORKER BREAKDOWN] io_submit 25% - io_getevents  48% - io_cb   3% - wait   0% - slab_cb  21% -  158136 ops -  158133 ops/s -   7 ops / loop - 18971 cycles/op
[WORKER BREAKDOWN] io_submit 25% - io_getevents  48% - io_cb   3% - wait   0% - slab_cb  21% -  158326 ops -  158322 ops/s -   7 ops / loop - 18949 cycles/op
(_launch_ycsb,47) [  8s] [ 316307 ops/s] YCSB Load Injector (25%)
[WORKER BREAKDOWN] io_submit 25% - io_getevents  48% - io_cb   3% - wait   0% - slab_cb  21% -  158153 ops -  158145 ops/s -   7 ops / loop - 18970 cycles/op
[WORKER BREAKDOWN] io_submit 25% - io_getevents  48% - io_cb   3% - wait   0% - slab_cb  21% -  158156 ops -  158154 ops/s -   7 ops / loop - 18969 cycles/op
(_launch_ycsb,47) [  9s] [ 316056 ops/s] YCSB Load Injector (28%)
[WORKER BREAKDOWN] io_submit 25% - io_getevents  48% - io_cb   3% - wait   0% - slab_cb  21% -  158000 ops -  157999 ops/s -   7 ops / loop - 18988 cycles/op
[WORKER BREAKDOWN] io_submit 25% - io_getevents  48% - io_cb   3% - wait   0% - slab_cb  21% -  158048 ops -  158042 ops/s -   7 ops / loop - 18982 cycles/op
(_launch_ycsb,47) [ 10s] [ 316554 ops/s] YCSB Load Injector (31%)
[WORKER BREAKDOWN] io_submit 25% - io_getevents  48% - io_cb   3% - wait   0% - slab_cb  21% -  158222 ops -  158219 ops/s -   7 ops / loop - 18961 cycles/op
[WORKER BREAKDOWN] io_submit 25% - io_getevents  48% - io_cb   3% - wait   0% - slab_cb  21% -  158347 ops -  158340 ops/s -   7 ops / loop - 18947 cycles/op
(_launch_ycsb,47) [ 11s] [ 316405 ops/s] YCSB Load Injector (34%)
[WORKER BREAKDOWN] io_submit 25% - io_getevents  48% - io_cb   3% - wait   0% - slab_cb  21% -  158196 ops -  158195 ops/s -   7 ops / loop - 18964 cycles/op
[WORKER BREAKDOWN] io_submit 25% - io_getevents  48% - io_cb   3% - wait   0% - slab_cb  21% -  158241 ops -  158235 ops/s -   7 ops / loop - 18959 cycles/op
(_launch_ycsb,47) [ 12s] [ 316490 ops/s] YCSB Load Injector (37%)
[WORKER BREAKDOWN] io_submit 25% - io_getevents  48% - io_cb   3% - wait   0% - slab_cb  21% -  158269 ops -  158262 ops/s -   7 ops / loop - 18956 cycles/op
[WORKER BREAKDOWN] io_submit 25% - io_getevents  48% - io_cb   3% - wait   0% - slab_cb  21% -  158207 ops -  158201 ops/s -   7 ops / loop - 18963 cycles/op
(_launch_ycsb,47) [ 13s] [ 315812 ops/s] YCSB Load Injector (41%)
[WORKER BREAKDOWN] io_submit 25% - io_getevents  48% - io_cb   3% - wait   0% - slab_cb  21% -  157971 ops -  157961 ops/s -   7 ops / loop - 18992 cycles/op
[WORKER BREAKDOWN] io_submit 25% - io_getevents  48% - io_cb   3% - wait   0% - slab_cb  21% -  157852 ops -  157844 ops/s -   7 ops / loop - 19006 cycles/op
(_launch_ycsb,47) [ 14s] [ 315531 ops/s] YCSB Load Injector (44%)
[WORKER BREAKDOWN] io_submit 25% - io_getevents  48% - io_cb   3% - wait   0% - slab_cb  21% -  157823 ops -  157818 ops/s -   7 ops / loop - 19009 cycles/op
[WORKER BREAKDOWN] io_submit 25% - io_getevents  48% - io_cb   3% - wait   0% - slab_cb  21% -  157727 ops -  157720 ops/s -   7 ops / loop - 19021 cycles/op
(_launch_ycsb,47) [ 15s] [ 317258 ops/s] YCSB Load Injector (47%)
[WORKER BREAKDOWN] io_submit 25% - io_getevents  48% - io_cb   3% - wait   0% - slab_cb  21% -  158554 ops -  158552 ops/s -   7 ops / loop - 18921 cycles/op
[WORKER BREAKDOWN] io_submit 25% - io_getevents  48% - io_cb   3% - wait   0% - slab_cb  21% -  158691 ops -  158690 ops/s -   7 ops / loop - 18905 cycles/op
(_launch_ycsb,47) [ 16s] [ 316259 ops/s] YCSB Load Injector (50%)
[WORKER BREAKDOWN] io_submit 25% - io_getevents  48% - io_cb   3% - wait   0% - slab_cb  21% -  158100 ops -  158093 ops/s -   7 ops / loop - 18976 cycles/op
[WORKER BREAKDOWN] io_submit 25% - io_getevents  48% - io_cb   3% - wait   0% - slab_cb  21% -  158212 ops -  158202 ops/s -   7 ops / loop - 18963 cycles/op
(_launch_ycsb,47) [ 17s] [ 316142 ops/s] YCSB Load Injector (53%)
[WORKER BREAKDOWN] io_submit 25% - io_getevents  48% - io_cb   3% - wait   0% - slab_cb  21% -  158032 ops -  158028 ops/s -   7 ops / loop - 18984 cycles/op
[WORKER BREAKDOWN] io_submit 25% - io_getevents  48% - io_cb   3% - wait   0% - slab_cb  21% -  158110 ops -  158105 ops/s -   7 ops / loop - 18975 cycles/op
(_launch_ycsb,47) [ 18s] [ 316624 ops/s] YCSB Load Injector (56%)
[WORKER BREAKDOWN] io_submit 25% - io_getevents  48% - io_cb   3% - wait   0% - slab_cb  21% -  158414 ops -  158406 ops/s -   7 ops / loop - 18939 cycles/op
[WORKER BREAKDOWN] io_submit 25% - io_getevents  48% - io_cb   3% - wait   0% - slab_cb  21% -  158235 ops -  158230 ops/s -   7 ops / loop - 18960 cycles/op
(_launch_ycsb,47) [ 19s] [ 316671 ops/s] YCSB Load Injector (60%)
[WORKER BREAKDOWN] io_submit 25% - io_getevents  48% - io_cb   3% - wait   0% - slab_cb  21% -  158384 ops -  158380 ops/s -   7 ops / loop - 18942 cycles/op
[WORKER BREAKDOWN] io_submit 25% - io_getevents  48% - io_cb   3% - wait   0% - slab_cb  21% -  158279 ops -  158275 ops/s -   7 ops / loop - 18954 cycles/op
(_launch_ycsb,47) [ 20s] [ 316149 ops/s] YCSB Load Injector (63%)
[WORKER BREAKDOWN] io_submit 25% - io_getevents  48% - io_cb   3% - wait   0% - slab_cb  21% -  158101 ops -  158095 ops/s -   7 ops / loop - 18976 cycles/op
[WORKER BREAKDOWN] io_submit 25% - io_getevents  48% - io_cb   3% - wait   0% - slab_cb  21% -  158050 ops -  158048 ops/s -   7 ops / loop - 18982 cycles/op
(_launch_ycsb,47) [ 21s] [ 316218 ops/s] YCSB Load Injector (66%)
[WORKER BREAKDOWN] io_submit 25% - io_getevents  48% - io_cb   3% - wait   0% - slab_cb  21% -  158003 ops -  158002 ops/s -   7 ops / loop - 18987 cycles/op
[WORKER BREAKDOWN] io_submit 25% - io_getevents  48% - io_cb   3% - wait   0% - slab_cb  21% -  158197 ops -  158196 ops/s -   7 ops / loop - 18964 cycles/op
(_launch_ycsb,47) [ 22s] [ 315936 ops/s] YCSB Load Injector (69%)
[WORKER BREAKDOWN] io_submit 25% - io_getevents  48% - io_cb   3% - wait   0% - slab_cb  21% -  157911 ops -  157904 ops/s -   7 ops / loop - 18999 cycles/op
[WORKER BREAKDOWN] io_submit 25% - io_getevents  48% - io_cb   3% - wait   0% - slab_cb  21% -  158052 ops -  158048 ops/s -   7 ops / loop - 18982 cycles/op
(_launch_ycsb,47) [ 23s] [ 316037 ops/s] YCSB Load Injector (72%)
[WORKER BREAKDOWN] io_submit 25% - io_getevents  48% - io_cb   3% - wait   0% - slab_cb  21% -  158077 ops -  158070 ops/s -   7 ops / loop - 18979 cycles/op
[WORKER BREAKDOWN] io_submit 25% - io_getevents  48% - io_cb   3% - wait   0% - slab_cb  21% -  157992 ops -  157989 ops/s -   7 ops / loop - 18989 cycles/op
(_launch_ycsb,47) [ 24s] [ 316679 ops/s] YCSB Load Injector (75%)
[WORKER BREAKDOWN] io_submit 25% - io_getevents  48% - io_cb   3% - wait   0% - slab_cb  21% -  158420 ops -  158416 ops/s -   7 ops / loop - 18938 cycles/op
[WORKER BREAKDOWN] io_submit 25% - io_getevents  48% - io_cb   3% - wait   0% - slab_cb  21% -  158265 ops -  158259 ops/s -   7 ops / loop - 18956 cycles/op
(_launch_ycsb,47) [ 25s] [ 316734 ops/s] YCSB Load Injector (79%)
[WORKER BREAKDOWN] io_submit 25% - io_getevents  48% - io_cb   3% - wait   0% - slab_cb  21% -  158427 ops -  158419 ops/s -   7 ops / loop - 18937 cycles/op
[WORKER BREAKDOWN] io_submit 25% - io_getevents  48% - io_cb   3% - wait   0% - slab_cb  21% -  158312 ops -  158307 ops/s -   7 ops / loop - 18951 cycles/op
(_launch_ycsb,47) [ 26s] [ 316100 ops/s] YCSB Load Injector (82%)
[WORKER BREAKDOWN] io_submit 25% - io_getevents  48% - io_cb   3% - wait   0% - slab_cb  21% -  157987 ops -  157986 ops/s -   7 ops / loop - 18989 cycles/op
[WORKER BREAKDOWN] io_submit 25% - io_getevents  48% - io_cb   3% - wait   0% - slab_cb  21% -  158106 ops -  158102 ops/s -   7 ops / loop - 18975 cycles/op
(_launch_ycsb,47) [ 27s] [ 315396 ops/s] YCSB Load Injector (85%)
[WORKER BREAKDOWN] io_submit 25% - io_getevents  48% - io_cb   3% - wait   0% - slab_cb  21% -  157622 ops -  157619 ops/s -   7 ops / loop - 19033 cycles/op
[WORKER BREAKDOWN] io_submit 25% - io_getevents  48% - io_cb   3% - wait   0% - slab_cb  21% -  157793 ops -  157791 ops/s -   7 ops / loop - 19013 cycles/op
(_launch_ycsb,47) [ 28s] [ 315738 ops/s] YCSB Load Injector (88%)
[WORKER BREAKDOWN] io_submit 25% - io_getevents  48% - io_cb   3% - wait   0% - slab_cb  21% -  157874 ops -  157871 ops/s -   7 ops / loop - 19003 cycles/op
[WORKER BREAKDOWN] io_submit 25% - io_getevents  48% - io_cb   3% - wait   0% - slab_cb  21% -  157861 ops -  157853 ops/s -   7 ops / loop - 19005 cycles/op
(_launch_ycsb,47) [ 29s] [ 315984 ops/s] YCSB Load Injector (91%)
[WORKER BREAKDOWN] io_submit 25% - io_getevents  48% - io_cb   3% - wait   0% - slab_cb  21% -  158023 ops -  158020 ops/s -   7 ops / loop - 18985 cycles/op
[WORKER BREAKDOWN] io_submit 25% - io_getevents  48% - io_cb   3% - wait   0% - slab_cb  21% -  157980 ops -  157971 ops/s -   7 ops / loop - 18991 cycles/op
(_launch_ycsb,47) [ 30s] [ 315813 ops/s] YCSB Load Injector (94%)
[WORKER BREAKDOWN] io_submit 25% - io_getevents  48% - io_cb   3% - wait   0% - slab_cb  21% -  157964 ops -  157961 ops/s -   7 ops / loop - 18992 cycles/op
[WORKER BREAKDOWN] io_submit 25% - io_getevents  48% - io_cb   3% - wait   0% - slab_cb  21% -  157848 ops -  157843 ops/s -   7 ops / loop - 19006 cycles/op
(_launch_ycsb,47) [ 31s] [ 316165 ops/s] YCSB Load Injector (98%)
[WORKER BREAKDOWN] io_submit 25% - io_getevents  48% - io_cb   3% - wait   0% - slab_cb  21% -  158137 ops -  158127 ops/s -   7 ops / loop - 18972 cycles/op
[WORKER BREAKDOWN] io_submit 25% - io_getevents  48% - io_cb   3% - wait   0% - slab_cb  21% -  158042 ops -  158038 ops/s -   7 ops / loop - 18983 cycles/op
(run_workload,269) [ 31623ms] YCSB B - Uniform - 10000000 requests (316220 req/s)
#Latency:
#	AVG - 187 us
#	99p - 293 us
#	max - 540 us
[WORKER BREAKDOWN] io_submit  7% - io_getevents  14% - io_cb   1% - wait  69% - slab_cb   6% -   98203 ops -   47633 ops/s -   7 ops / loop - 62982 cycles/op
[WORKER BREAKDOWN] io_submit  7% - io_getevents  14% - io_cb   1% - wait  70% - slab_cb   6% -   98202 ops -   47633 ops/s -   7 ops / loop - 62983 cycles/op
[WORKER BREAKDOWN] io_submit 27% - io_getevents  43% - io_cb   4% - wait   0% - slab_cb  24% -  184158 ops -  184155 ops/s -   8 ops / loop - 16291 cycles/op
(_launch_ycsb,47) [  1s] [ 368338 ops/s] YCSB Load Injector (3%)
[WORKER BREAKDOWN] io_submit 26% - io_getevents  43% - io_cb   4% - wait   0% - slab_cb  24% -  184163 ops -  184158 ops/s -   8 ops / loop - 16290 cycles/op
[WORKER BREAKDOWN] io_submit 27% - io_getevents  44% - io_cb   3% - wait   0% - slab_cb  24% -  184275 ops -  184273 ops/s -   8 ops / loop - 16280 cycles/op
(_launch_ycsb,47) [  2s] [ 368656 ops/s] YCSB Load Injector (7%)
[WORKER BREAKDOWN] io_submit 26% - io_getevents  44% - io_cb   4% - wait   0% - slab_cb  24% -  184385 ops -  184380 ops/s -   8 ops / loop - 16271 cycles/op
(_launch_ycsb,47) [  3s] [ 368989 ops/s] YCSB Load Injector (11%)
[WORKER BREAKDOWN] io_submit 27% - io_getevents  43% - io_cb   3% - wait   0% - slab_cb  24% -  184578 ops -  184572 ops/s -   8 ops / loop - 16254 cycles/op
[WORKER BREAKDOWN] io_submit 26% - io_getevents  43% - io_cb   4% - wait   0% - slab_cb  24% -  184419 ops -  184412 ops/s -   8 ops / loop - 16268 cycles/op
(_launch_ycsb,47) [  4s] [ 368754 ops/s] YCSB Load Injector (14%)
[WORKER BREAKDOWN] io_submit 27% - io_getevents  44% - io_cb   3% - wait   0% - slab_cb  24% -  184367 ops -  184362 ops/s -   8 ops / loop - 16272 cycles/op
[WORKER BREAKDOWN] io_submit 26% - io_getevents  44% - io_cb   4% - wait   0% - slab_cb  24% -  184395 ops -  184394 ops/s -   8 ops / loop - 16270 cycles/op
(_launch_ycsb,47) [  5s] [ 369379 ops/s] YCSB Load Injector (18%)
[WORKER BREAKDOWN] io_submit 27% - io_getevents  43% - io_cb   3% - wait   0% - slab_cb  24% -  184695 ops -  184692 ops/s -   8 ops / loop - 16243 cycles/op
[WORKER BREAKDOWN] io_submit 26% - io_getevents  43% - io_cb   4% - wait   0% - slab_cb  24% -  184672 ops -  184668 ops/s -   8 ops / loop - 16245 cycles/op
(_launch_ycsb,47) [  6s] [ 369266 ops/s] YCSB Load Injector (22%)
[WORKER BREAKDOWN] io_submit 27% - io_getevents  44% - io_cb   3% - wait   0% - slab_cb  24% -  184678 ops -  184677 ops/s -   8 ops / loop - 16245 cycles/op
[WORKER BREAKDOWN] io_submit 26% - io_getevents  44% - io_cb   4% - wait   0% - slab_cb  24% -  184613 ops -  184609 ops/s -   8 ops / loop - 16251 cycles/op
(_launch_ycsb,47) [  7s] [ 369197 ops/s] YCSB Load Injector (25%)
[WORKER BREAKDOWN] io_submit 27% - io_getevents  44% - io_cb   4% - wait   0% - slab_cb  24% -  184527 ops -  184522 ops/s -   8 ops / loop - 16258 cycles/op
[WORKER BREAKDOWN] io_submit 26% - io_getevents  44% - io_cb   4% - wait   0% - slab_cb  24% -  184674 ops -  184671 ops/s -   8 ops / loop - 16245 cycles/op
(_launch_ycsb,47) [  8s] [ 369108 ops/s] YCSB Load Injector (29%)
[WORKER BREAKDOWN] io_submit 27% - io_getevents  44% - io_cb   3% - wait   0% - slab_cb  24% -  184561 ops -  184557 ops/s -   8 ops / loop - 16255 cycles/op
[WORKER BREAKDOWN] io_submit 26% - io_getevents  44% - io_cb   4% - wait   0% - slab_cb  24% -  184563 ops -  184557 ops/s -   8 ops / loop - 16255 cycles/op
(_launch_ycsb,47) [  9s] [ 369049 ops/s] YCSB Load Injector (33%)
[WORKER BREAKDOWN] io_submit 27% - io_getevents  44% - io_cb   3% - wait   0% - slab_cb  24% -  184542 ops -  184535 ops/s -   8 ops / loop - 16257 cycles/op
[WORKER BREAKDOWN] io_submit 26% - io_getevents  43% - io_cb   4% - wait   0% - slab_cb  24% -  184507 ops -  184502 ops/s -   8 ops / loop - 16260 cycles/op
(_launch_ycsb,47) [ 10s] [ 368873 ops/s] YCSB Load Injector (36%)
[WORKER BREAKDOWN] io_submit 27% - io_getevents  44% - io_cb   3% - wait   0% - slab_cb  24% -  184407 ops -  184403 ops/s -   8 ops / loop - 16269 cycles/op
[WORKER BREAKDOWN] io_submit 26% - io_getevents  44% - io_cb   4% - wait   0% - slab_cb  24% -  184472 ops -  184469 ops/s -   8 ops / loop - 16263 cycles/op
(_launch_ycsb,47) [ 11s] [ 368980 ops/s] YCSB Load Injector (40%)
[WORKER BREAKDOWN] io_submit 27% - io_getevents  43% - io_cb   4% - wait   0% - slab_cb  24% -  184534 ops -  184531 ops/s -   8 ops / loop - 16257 cycles/op
[WORKER BREAKDOWN] io_submit 26% - io_getevents  43% - io_cb   4% - wait   0% - slab_cb  24% -  184445 ops -  184441 ops/s -   8 ops / loop - 16265 cycles/op
(_launch_ycsb,47) [ 12s] [ 368622 ops/s] YCSB Load Injector (44%)
[WORKER BREAKDOWN] io_submit 26% - io_getevents  44% - io_cb   4% - wait   0% - slab_cb  24% -  184286 ops -  184285 ops/s -   8 ops / loop - 16279 cycles/op
[WORKER BREAKDOWN] io_submit 27% - io_getevents  44% - io_cb   4% - wait   0% - slab_cb  24% -  184344 ops -  184336 ops/s -   8 ops / loop - 16275 cycles/op
(_launch_ycsb,47) [ 13s] [ 369181 ops/s] YCSB Load Injector (47%)
[WORKER BREAKDOWN] io_submit 27% - io_getevents  43% - io_cb   4% - wait   0% - slab_cb  24% -  184628 ops -  184625 ops/s -   8 ops / loop - 16249 cycles/op
[WORKER BREAKDOWN] io_submit 27% - io_getevents  44% - io_cb   4% - wait   0% - slab_cb  24% -  184561 ops -  184558 ops/s -   8 ops / loop - 16255 cycles/op
(_launch_ycsb,47) [ 14s] [ 369123 ops/s] YCSB Load Injector (51%)
[WORKER BREAKDOWN] io_submit 26% - io_getevents  44% - io_cb   4% - wait   0% - slab_cb  24% -  184537 ops -  184534 ops/s -   8 ops / loop - 16257 cycles/op
[WORKER BREAKDOWN] io_submit 27% - io_getevents  44% - io_cb   3% - wait   0% - slab_cb  24% -  184605 ops -  184599 ops/s -   8 ops / loop - 16251 cycles/op
(_launch_ycsb,47) [ 15s] [ 369376 ops/s] YCSB Load Injector (55%)
[WORKER BREAKDOWN] io_submit 26% - io_getevents  44% - io_cb   4% - wait   0% - slab_cb  24% -  184694 ops -  184693 ops/s -   8 ops / loop - 16243 cycles/op
[WORKER BREAKDOWN] io_submit 27% - io_getevents  44% - io_cb   4% - wait   0% - slab_cb  24% -  184686 ops -  184678 ops/s -   8 ops / loop - 16245 cycles/op
(_launch_ycsb,47) [ 16s] [ 369422 ops/s] YCSB Load Injector (59%)
[WORKER BREAKDOWN] io_submit 26% - io_getevents  44% - io_cb   3% - wait   0% - slab_cb  24% -  184765 ops -  184760 ops/s -   8 ops / loop - 16237 cycles/op
[WORKER BREAKDOWN] io_submit 27% - io_getevents  44% - io_cb   4% - wait   0% - slab_cb  24% -  184686 ops -  184681 ops/s -   8 ops / loop - 16244 cycles/op
(_launch_ycsb,47) [ 17s] [ 369341 ops/s] YCSB Load Injector (62%)
[WORKER BREAKDOWN] io_submit 26% - io_getevents  44% - io_cb   4% - wait   0% - slab_cb  24% -  184618 ops -  184617 ops/s -   8 ops / loop - 16250 cycles/op
[WORKER BREAKDOWN] io_submit 27% - io_getevents  44% - io_cb   4% - wait   0% - slab_cb  24% -  184714 ops -  184713 ops/s -   8 ops / loop - 16241 cycles/op
(_launch_ycsb,47) [ 18s] [ 369658 ops/s] YCSB Load Injector (66%)
[WORKER BREAKDOWN] io_submit 27% - io_getevents  43% - io_cb   3% - wait   0% - slab_cb  24% -  184898 ops -  184889 ops/s -   8 ops / loop - 16226 cycles/op
[WORKER BREAKDOWN] io_submit 27% - io_getevents  44% - io_cb   4% - wait   0% - slab_cb  24% -  184771 ops -  184763 ops/s -   8 ops / loop - 16237 cycles/op
(_launch_ycsb,47) [ 19s] [ 369640 ops/s] YCSB Load Injector (70%)
[WORKER BREAKDOWN] io_submit 27% - io_getevents  43% - io_cb   4% - wait   0% - slab_cb  24% -  184811 ops -  184808 ops/s -   8 ops / loop - 16233 cycles/op
[WORKER BREAKDOWN] io_submit 27% - io_getevents  44% - io_cb   4% - wait   0% - slab_cb  24% -  184838 ops -  184836 ops/s -   8 ops / loop - 16231 cycles/op
(_launch_ycsb,47) [ 20s] [ 369784 ops/s] YCSB Load Injector (73%)
[WORKER BREAKDOWN] io_submit 26% - io_getevents  44% - io_cb   3% - wait   0% - slab_cb  24% -  184901 ops -  184893 ops/s -   8 ops / loop - 16226 cycles/op
[WORKER BREAKDOWN] io_submit 27% - io_getevents  44% - io_cb   4% - wait   0% - slab_cb  24% -  184900 ops -  184898 ops/s -   8 ops / loop - 16225 cycles/op
(_launch_ycsb,47) [ 21s] [ 369767 ops/s] YCSB Load Injector (77%)
[WORKER BREAKDOWN] io_submit 26% - io_getevents  44% - io_cb   4% - wait   0% - slab_cb  24% -  184910 ops -  184903 ops/s -   8 ops / loop - 16225 cycles/op
[WORKER BREAKDOWN] io_submit 27% - io_getevents  44% - io_cb   4% - wait   0% - slab_cb  24% -  184847 ops -  184842 ops/s -   8 ops / loop - 16230 cycles/op
(_launch_ycsb,47) [ 22s] [ 369462 ops/s] YCSB Load Injector (81%)
[WORKER BREAKDOWN] io_submit 27% - io_getevents  44% - io_cb   4% - wait   0% - slab_cb  24% -  184785 ops -  184783 ops/s -   8 ops / loop - 16235 cycles/op
[WORKER BREAKDOWN] io_submit 26% - io_getevents  44% - io_cb   3% - wait   0% - slab_cb  24% -  184690 ops -  184681 ops/s -   8 ops / loop - 16244 cycles/op
(_launch_ycsb,47) [ 23s] [ 369808 ops/s] YCSB Load Injector (84%)
[WORKER BREAKDOWN] io_submit 27% - io_getevents  44% - io_cb   4% - wait   0% - slab_cb  24% -  184930 ops -  184928 ops/s -   8 ops / loop - 16223 cycles/op
[WORKER BREAKDOWN] io_submit 26% - io_getevents  44% - io_cb   4% - wait   0% - slab_cb  24% -  184888 ops -  184883 ops/s -   8 ops / loop - 16226 cycles/op
(_launch_ycsb,47) [ 24s] [ 369437 ops/s] YCSB Load Injector (88%)
[WORKER BREAKDOWN] io_submit 27% - io_getevents  44% - io_cb   4% - wait   0% - slab_cb  24% -  184672 ops -  184665 ops/s -   8 ops / loop - 16246 cycles/op
[WORKER BREAKDOWN] io_submit 26% - io_getevents  44% - io_cb   3% - wait   0% - slab_cb  24% -  184768 ops -  184759 ops/s -   8 ops / loop - 16237 cycles/op
(_launch_ycsb,47) [ 25s] [ 369362 ops/s] YCSB Load Injector (92%)
[WORKER BREAKDOWN] io_submit 27% - io_getevents  44% - io_cb   4% - wait   0% - slab_cb  24% -  184742 ops -  184741 ops/s -   8 ops / loop - 16239 cycles/op
[WORKER BREAKDOWN] io_submit 26% - io_getevents  44% - io_cb   3% - wait   0% - slab_cb  24% -  184649 ops -  184642 ops/s -   8 ops / loop - 16248 cycles/op
(_launch_ycsb,47) [ 26s] [ 369589 ops/s] YCSB Load Injector (96%)
[WORKER BREAKDOWN] io_submit 27% - io_getevents  44% - io_cb   4% - wait   0% - slab_cb  24% -  184773 ops -  184766 ops/s -   8 ops / loop - 16237 cycles/op
[WORKER BREAKDOWN] io_submit 26% - io_getevents  44% - io_cb   3% - wait   0% - slab_cb  24% -  184822 ops -  184816 ops/s -   8 ops / loop - 16232 cycles/op
(_launch_ycsb,47) [ 27s] [ 369299 ops/s] YCSB Load Injector (99%)
[WORKER BREAKDOWN] io_submit 27% - io_getevents  44% - io_cb   4% - wait   0% - slab_cb  24% -  184658 ops -  184653 ops/s -   8 ops / loop - 16247 cycles/op
[WORKER BREAKDOWN] io_submit 26% - io_getevents  44% - io_cb   4% - wait   0% - slab_cb  24% -  184648 ops -  184646 ops/s -   8 ops / loop - 16247 cycles/op
(run_workload,269) [ 27083ms] YCSB C - Uniform - 10000000 requests (369231 req/s)
#Latency:
#	AVG - 162 us
#	99p - 233 us
#	max - 719 us
[WORKER BREAKDOWN] io_submit  1% - io_getevents   2% - io_cb   0% - wait  94% - slab_cb   1% -   15171 ops -   10163 ops/s -   8 ops / loop - 295196 cycles/op
[WORKER BREAKDOWN] io_submit  1% - io_getevents   2% - io_cb   0% - wait  94% - slab_cb   1% -   15174 ops -   10164 ops/s -   8 ops / loop - 295148 cycles/op
(_launch_ycsb,47) [  1s] [ 325061 ops/s] YCSB Load Injector (3%)
[WORKER BREAKDOWN] io_submit 23% - io_getevents  53% - io_cb   3% - wait   0% - slab_cb  18% -  168843 ops -  168841 ops/s -  11 ops / loop - 17768 cycles/op
[WORKER BREAKDOWN] io_submit 23% - io_getevents  54% - io_cb   4% - wait   1% - slab_cb  16% -  156195 ops -  156192 ops/s -   9 ops / loop - 19207 cycles/op
(_launch_ycsb,47) [  2s] [ 336909 ops/s] YCSB Load Injector (6%)
[WORKER BREAKDOWN] io_submit 22% - io_getevents  53% - io_cb   3% - wait   0% - slab_cb  19% -  175424 ops -  175423 ops/s -  11 ops / loop - 17102 cycles/op
[WORKER BREAKDOWN] io_submit 22% - io_getevents  54% - io_cb   4% - wait   1% - slab_cb  16% -  161501 ops -  161499 ops/s -   9 ops / loop - 18576 cycles/op
(_launch_ycsb,47) [  3s] [ 337493 ops/s] YCSB Load Injector (9%)
[WORKER BREAKDOWN] io_submit 22% - io_getevents  54% - io_cb   4% - wait   1% - slab_cb  16% -  161987 ops -  161986 ops/s -   9 ops / loop - 18520 cycles/op
[WORKER BREAKDOWN] io_submit 22% - io_getevents  53% - io_cb   3% - wait   0% - slab_cb  19% -  175521 ops -  175511 ops/s -  11 ops / loop - 17093 cycles/op
(_launch_ycsb,47) [  4s] [ 336637 ops/s] YCSB Load Injector (13%)
[WORKER BREAKDOWN] io_submit 22% - io_getevents  53% - io_cb   3% - wait   0% - slab_cb  19% -  175441 ops -  175437 ops/s -  11 ops / loop - 17100 cycles/op
[WORKER BREAKDOWN] io_submit 22% - io_getevents  54% - io_cb   4% - wait   1% - slab_cb  16% -  161199 ops -  161189 ops/s -   9 ops / loop - 18612 cycles/op
(_launch_ycsb,47) [  5s] [ 336675 ops/s] YCSB Load Injector (16%)
[WORKER BREAKDOWN] io_submit 22% - io_getevents  53% - io_cb   3% - wait   0% - slab_cb  19% -  175346 ops -  175344 ops/s -  11 ops / loop - 17109 cycles/op
[WORKER BREAKDOWN] io_submit 22% - io_getevents  54% - io_cb   4% - wait   1% - slab_cb  16% -  161333 ops -  161322 ops/s -   9 ops / loop - 18596 cycles/op
(_launch_ycsb,47) [  6s] [ 337142 ops/s] YCSB Load Injector (20%)
[WORKER BREAKDOWN] io_submit 22% - io_getevents  53% - io_cb   3% - wait   0% - slab_cb  19% -  175307 ops -  175306 ops/s -  11 ops / loop - 17113 cycles/op
[WORKER BREAKDOWN] io_submit 22% - io_getevents  54% - io_cb   4% - wait   1% - slab_cb  16% -  161832 ops -  161825 ops/s -   9 ops / loop - 18539 cycles/op
(_launch_ycsb,47) [  7s] [ 337855 ops/s] YCSB Load Injector (23%)
[WORKER BREAKDOWN] io_submit 22% - io_getevents  53% - io_cb   3% - wait   0% - slab_cb  19% -  175436 ops -  175426 ops/s -  11 ops / loop - 17101 cycles/op
[WORKER BREAKDOWN] io_submit 22% - io_getevents  54% - io_cb   4% - wait   1% - slab_cb  16% -  162415 ops -  162403 ops/s -   9 ops / loop - 18473 cycles/op
(_launch_ycsb,47) [  8s] [ 336414 ops/s] YCSB Load Injector (26%)
[WORKER BREAKDOWN] io_submit 22% - io_getevents  53% - io_cb   3% - wait   0% - slab_cb  19% -  174979 ops -  174975 ops/s -  11 ops / loop - 17145 cycles/op
[WORKER BREAKDOWN] io_submit 22% - io_getevents  54% - io_cb   4% - wait   1% - slab_cb  16% -  161488 ops -  161483 ops/s -   9 ops / loop - 18578 cycles/op
(_launch_ycsb,47) [  9s] [ 335853 ops/s] YCSB Load Injector (30%)
[WORKER BREAKDOWN] io_submit 22% - io_getevents  53% - io_cb   3% - wait   0% - slab_cb  19% -  174909 ops -  174898 ops/s -  11 ops / loop - 17153 cycles/op
[WORKER BREAKDOWN] io_submit 22% - io_getevents  54% - io_cb   4% - wait   1% - slab_cb  16% -  160969 ops -  160953 ops/s -   9 ops / loop - 18639 cycles/op
(_launch_ycsb,47) [ 10s] [ 336208 ops/s] YCSB Load Injector (33%)
[WORKER BREAKDOWN] io_submit 22% - io_getevents  53% - io_cb   3% - wait   0% - slab_cb  19% -  175347 ops -  175343 ops/s -  12 ops / loop - 17109 cycles/op
[WORKER BREAKDOWN] io_submit 22% - io_getevents  54% - io_cb   4% - wait   1% - slab_cb  16% -  160855 ops -  160854 ops/s -   9 ops / loop - 18651 cycles/op
(_launch_ycsb,47) [ 11s] [ 336971 ops/s] YCSB Load Injector (36%)
[WORKER BREAKDOWN] io_submit 22% - io_getevents  53% - io_cb   3% - wait   0% - slab_cb  19% -  175422 ops -  175411 ops/s -  11 ops / loop - 17103 cycles/op
[WORKER BREAKDOWN] io_submit 22% - io_getevents  54% - io_cb   4% - wait   1% - slab_cb  16% -  161561 ops -  161555 ops/s -   9 ops / loop - 18570 cycles/op
(_launch_ycsb,47) [ 12s] [ 336850 ops/s] YCSB Load Injector (40%)
[WORKER BREAKDOWN] io_submit 22% - io_getevents  53% - io_cb   3% - wait   0% - slab_cb  19% -  175645 ops -  175643 ops/s -  12 ops / loop - 17080 cycles/op
[WORKER BREAKDOWN] io_submit 22% - io_getevents  54% - io_cb   4% - wait   1% - slab_cb  16% -  161229 ops -  161222 ops/s -   9 ops / loop - 18608 cycles/op
(_launch_ycsb,47) [ 13s] [ 336473 ops/s] YCSB Load Injector (43%)
[WORKER BREAKDOWN] io_submit 22% - io_getevents  53% - io_cb   3% - wait   0% - slab_cb  19% -  174588 ops -  174583 ops/s -  11 ops / loop - 17184 cycles/op
[WORKER BREAKDOWN] io_submit 22% - io_getevents  54% - io_cb   4% - wait   1% - slab_cb  16% -  161890 ops -  161885 ops/s -   9 ops / loop - 18532 cycles/op
(_launch_ycsb,47) [ 14s] [ 336438 ops/s] YCSB Load Injector (47%)
[WORKER BREAKDOWN] io_submit 22% - io_getevents  53% - io_cb   3% - wait   0% - slab_cb  19% -  175121 ops -  175112 ops/s -  11 ops / loop - 17132 cycles/op
[WORKER BREAKDOWN] io_submit 22% - io_getevents  54% - io_cb   4% - wait   1% - slab_cb  16% -  161323 ops -  161320 ops/s -   9 ops / loop - 18597 cycles/op
(_launch_ycsb,47) [ 15s] [ 336330 ops/s] YCSB Load Injector (50%)
[WORKER BREAKDOWN] io_submit 22% - io_getevents  53% - io_cb   3% - wait   0% - slab_cb  19% -  175277 ops -  175276 ops/s -  11 ops / loop - 17116 cycles/op
[WORKER BREAKDOWN] io_submit 22% - io_getevents  55% - io_cb   4% - wait   1% - slab_cb  16% -  161058 ops -  161052 ops/s -   9 ops / loop - 18628 cycles/op
(_launch_ycsb,47) [ 16s] [ 336625 ops/s] YCSB Load Injector (53%)
[WORKER BREAKDOWN] io_submit 22% - io_getevents  53% - io_cb   3% - wait   0% - slab_cb  19% -  174880 ops -  174878 ops/s -  11 ops / loop - 17155 cycles/op
[WORKER BREAKDOWN] io_submit 22% - io_getevents  54% - io_cb   4% - wait   1% - slab_cb  16% -  161747 ops -  161741 ops/s -   9 ops / loop - 18548 cycles/op
(_launch_ycsb,47) [ 17s] [ 336799 ops/s] YCSB Load Injector (57%)
[WORKER BREAKDOWN] io_submit 22% - io_getevents  53% - io_cb   3% - wait   0% - slab_cb  19% -  175329 ops -  175322 ops/s -  11 ops / loop - 17111 cycles/op
[WORKER BREAKDOWN] io_submit 22% - io_getevents  54% - io_cb   4% - wait   1% - slab_cb  16% -  161523 ops -  161519 ops/s -   9 ops / loop - 18574 cycles/op
(_launch_ycsb,47) [ 18s] [ 336324 ops/s] YCSB Load Injector (60%)
[WORKER BREAKDOWN] io_submit 22% - io_getevents  53% - io_cb   3% - wait   0% - slab_cb  19% -  175221 ops -  175216 ops/s -  11 ops / loop - 17122 cycles/op
[WORKER BREAKDOWN] io_submit 22% - io_getevents  54% - io_cb   4% - wait   1% - slab_cb  16% -  161079 ops -  161072 ops/s -   9 ops / loop - 18625 cycles/op
(_launch_ycsb,47) [ 19s] [ 336172 ops/s] YCSB Load Injector (63%)
[WORKER BREAKDOWN] io_submit 22% - io_getevents  53% - io_cb   3% - wait   0% - slab_cb  19% -  174193 ops -  174190 ops/s -  11 ops / loop - 17223 cycles/op
[WORKER BREAKDOWN] io_submit 22% - io_getevents  54% - io_cb   4% - wait   1% - slab_cb  17% -  161986 ops -  161985 ops/s -   9 ops / loop - 18520 cycles/op
(_launch_ycsb,47) [ 20s] [ 335878 ops/s] YCSB Load Injector (67%)
[WORKER BREAKDOWN] io_submit 22% - io_getevents  53% - io_cb   3% - wait   0% - slab_cb  19% -  174948 ops -  174942 ops/s -  11 ops / loop - 17149 cycles/op
[WORKER BREAKDOWN] io_submit 22% - io_getevents  55% - io_cb   4% - wait   1% - slab_cb  16% -  160921 ops -  160918 ops/s -   9 ops / loop - 18643 cycles/op
(_launch_ycsb,47) [ 21s] [ 336865 ops/s] YCSB Load Injector (70%)
[WORKER BREAKDOWN] io_submit 22% - io_getevents  53% - io_cb   3% - wait   0% - slab_cb  19% -  175367 ops -  175366 ops/s -  11 ops / loop - 17107 cycles/op
[WORKER BREAKDOWN] io_submit 22% - io_getevents  54% - io_cb   4% - wait   1% - slab_cb  16% -  161538 ops -  161533 ops/s -   9 ops / loop - 18572 cycles/op
(_launch_ycsb,47) [ 22s] [ 336753 ops/s] YCSB Load Injector (73%)
[WORKER BREAKDOWN] io_submit 22% - io_getevents  53% - io_cb   3% - wait   0% - slab_cb  19% -  175003 ops -  175002 ops/s -  11 ops / loop - 17143 cycles/op
[WORKER BREAKDOWN] io_submit 22% - io_getevents  54% - io_cb   4% - wait   1% - slab_cb  16% -  161746 ops -  161744 ops/s -   9 ops / loop - 18548 cycles/op
(_launch_ycsb,47) [ 23s] [ 333884 ops/s] YCSB Load Injector (77%)
[WORKER BREAKDOWN] io_submit 22% - io_getevents  53% - io_cb   3% - wait   0% - slab_cb  19% -  173595 ops -  173583 ops/s -  11 ops / loop - 17283 cycles/op
[WORKER BREAKDOWN] io_submit 22% - io_getevents  55% - io_cb   4% - wait   1% - slab_cb  16% -  160294 ops -  160290 ops/s -   9 ops / loop - 18716 cycles/op
(_launch_ycsb,47) [ 24s] [ 335790 ops/s] YCSB Load Injector (80%)
[WORKER BREAKDOWN] io_submit 22% - io_getevents  53% - io_cb   3% - wait   0% - slab_cb  19% -  174346 ops -  174339 ops/s -  11 ops / loop - 17208 cycles/op
[WORKER BREAKDOWN] io_submit 22% - io_getevents  54% - io_cb   4% - wait   1% - slab_cb  16% -  161477 ops -  161470 ops/s -   9 ops / loop - 18579 cycles/op
(_launch_ycsb,47) [ 25s] [ 334920 ops/s] YCSB Load Injector (83%)
[WORKER BREAKDOWN] io_submit 22% - io_getevents  53% - io_cb   3% - wait   0% - slab_cb  19% -  174260 ops -  174254 ops/s -  11 ops / loop - 17216 cycles/op
[WORKER BREAKDOWN] io_submit 22% - io_getevents  55% - io_cb   4% - wait   1% - slab_cb  16% -  160650 ops -  160641 ops/s -   9 ops / loop - 18675 cycles/op
(_launch_ycsb,47) [ 26s] [ 335763 ops/s] YCSB Load Injector (87%)
[WORKER BREAKDOWN] io_submit 22% - io_getevents  53% - io_cb   3% - wait   0% - slab_cb  19% -  174480 ops -  174470 ops/s -  11 ops / loop - 17195 cycles/op
[WORKER BREAKDOWN] io_submit 22% - io_getevents  54% - io_cb   4% - wait   1% - slab_cb  16% -  161292 ops -  161285 ops/s -   9 ops / loop - 18601 cycles/op
(_launch_ycsb,47) [ 27s] [ 335524 ops/s] YCSB Load Injector (90%)
[WORKER BREAKDOWN] io_submit 22% - io_getevents  53% - io_cb   3% - wait   0% - slab_cb  19% -  174817 ops -  174813 ops/s -  11 ops / loop - 17161 cycles/op
[WORKER BREAKDOWN] io_submit 22% - io_getevents  55% - io_cb   4% - wait   1% - slab_cb  16% -  160731 ops -  160728 ops/s -   9 ops / loop - 18665 cycles/op
(_launch_ycsb,47) [ 28s] [ 335421 ops/s] YCSB Load Injector (94%)
[WORKER BREAKDOWN] io_submit 22% - io_getevents  53% - io_cb   3% - wait   0% - slab_cb  19% -  174858 ops -  174850 ops/s -  11 ops / loop - 17158 cycles/op
[WORKER BREAKDOWN] io_submit 22% - io_getevents  55% - io_cb   4% - wait   1% - slab_cb  16% -  160562 ops -  160558 ops/s -   9 ops / loop - 18685 cycles/op
(_launch_ycsb,47) [ 29s] [ 336726 ops/s] YCSB Load Injector (97%)
[WORKER BREAKDOWN] io_submit 22% - io_getevents  53% - io_cb   3% - wait   0% - slab_cb  19% -  174786 ops -  174780 ops/s -  11 ops / loop - 17164 cycles/op
[WORKER BREAKDOWN] io_submit 22% - io_getevents  54% - io_cb   4% - wait   1% - slab_cb  17% -  161947 ops -  161934 ops/s -  10 ops / loop - 18526 cycles/op
(run_workload,269) [ 29767ms] YCSB A - Zipf - 10000000 requests (335940 req/s)
#Latency:
#	AVG - 166 us
#	99p - 310 us
#	max - 547 us
[WORKER BREAKDOWN] io_submit  7% - io_getevents  17% - io_cb   1% - wait  66% - slab_cb   6% -  133774 ops -   58459 ops/s -  11 ops / loop - 51319 cycles/op
[WORKER BREAKDOWN] io_submit  7% - io_getevents  18% - io_cb   1% - wait  66% - slab_cb   5% -  123209 ops -   53846 ops/s -   9 ops / loop - 55716 cycles/op
(_launch_ycsb,47) [  1s] [ 589232 ops/s] YCSB Load Injector (5%)
[WORKER BREAKDOWN] io_submit 19% - io_getevents  40% - io_cb   5% - wait   1% - slab_cb  33% -  282171 ops -  282162 ops/s -  13 ops / loop - 10632 cycles/op
[WORKER BREAKDOWN] io_submit 18% - io_getevents  37% - io_cb   4% - wait   0% - slab_cb  38% -  307073 ops -  307054 ops/s -  17 ops / loop - 9770 cycles/op
(_launch_ycsb,47) [  2s] [ 590048 ops/s] YCSB Load Injector (11%)
[WORKER BREAKDOWN] io_submit 19% - io_getevents  40% - io_cb   5% - wait   1% - slab_cb  33% -  283270 ops -  283262 ops/s -  13 ops / loop - 10591 cycles/op
[WORKER BREAKDOWN] io_submit 18% - io_getevents  37% - io_cb   4% - wait   0% - slab_cb  38% -  306794 ops -  306793 ops/s -  17 ops / loop - 9778 cycles/op
(_launch_ycsb,47) [  3s] [ 588186 ops/s] YCSB Load Injector (17%)
[WORKER BREAKDOWN] io_submit 19% - io_getevents  40% - io_cb   5% - wait   1% - slab_cb  33% -  282506 ops -  282499 ops/s -  12 ops / loop - 10619 cycles/op
[WORKER BREAKDOWN] io_submit 18% - io_getevents  37% - io_cb   4% - wait   0% - slab_cb  38% -  305690 ops -  305673 ops/s -  17 ops / loop - 9814 cycles/op
(_launch_ycsb,47) [  4s] [ 588293 ops/s] YCSB Load Injector (23%)
[WORKER BREAKDOWN] io_submit 19% - io_getevents  40% - io_cb   5% - wait   1% - slab_cb  33% -  282922 ops -  282917 ops/s -  13 ops / loop - 10604 cycles/op
[WORKER BREAKDOWN] io_submit 18% - io_getevents  37% - io_cb   4% - wait   0% - slab_cb  38% -  305378 ops -  305374 ops/s -  17 ops / loop - 9824 cycles/op
(_launch_ycsb,47) [  5s] [ 586562 ops/s] YCSB Load Injector (29%)
[WORKER BREAKDOWN] io_submit 19% - io_getevents  40% - io_cb   5% - wait   2% - slab_cb  32% -  281293 ops -  281287 ops/s -  12 ops / loop - 10665 cycles/op
[WORKER BREAKDOWN] io_submit 18% - io_getevents  37% - io_cb   4% - wait   0% - slab_cb  38% -  305304 ops -  305288 ops/s -  17 ops / loop - 9827 cycles/op
(_launch_ycsb,47) [  6s] [ 587772 ops/s] YCSB Load Injector (35%)
[WORKER BREAKDOWN] io_submit 19% - io_getevents  40% - io_cb   5% - wait   1% - slab_cb  32% -  281220 ops -  281218 ops/s -  12 ops / loop - 10668 cycles/op
[WORKER BREAKDOWN] io_submit 18% - io_getevents  37% - io_cb   4% - wait   0% - slab_cb  38% -  306577 ops -  306556 ops/s -  17 ops / loop - 9786 cycles/op
(_launch_ycsb,47) [  7s] [ 589969 ops/s] YCSB Load Injector (41%)
[WORKER BREAKDOWN] io_submit 19% - io_getevents  40% - io_cb   5% - wait   1% - slab_cb  32% -  282535 ops -  282524 ops/s -  12 ops / loop - 10618 cycles/op
[WORKER BREAKDOWN] io_submit 18% - io_getevents  37% - io_cb   4% - wait   0% - slab_cb  38% -  307457 ops -  307438 ops/s -  17 ops / loop - 9758 cycles/op
(_launch_ycsb,47) [  8s] [ 586806 ops/s] YCSB Load Injector (47%)
[WORKER BREAKDOWN] io_submit 19% - io_getevents  40% - io_cb   5% - wait   1% - slab_cb  33% -  281945 ops -  281944 ops/s -  13 ops / loop - 10640 cycles/op
[WORKER BREAKDOWN] io_submit 18% - io_getevents  38% - io_cb   4% - wait   0% - slab_cb  38% -  304870 ops -  304844 ops/s -  17 ops / loop - 9841 cycles/op
(_launch_ycsb,47) [  9s] [ 588941 ops/s] YCSB Load Injector (52%)
[WORKER BREAKDOWN] io_submit 19% - io_getevents  40% - io_cb   5% - wait   2% - slab_cb  32% -  282361 ops -  282354 ops/s -  12 ops / loop - 10625 cycles/op
[WORKER BREAKDOWN] io_submit 18% - io_getevents  37% - io_cb   4% - wait   0% - slab_cb  38% -  306609 ops -  306592 ops/s -  18 ops / loop - 9785 cycles/op
(_launch_ycsb,47) [ 10s] [ 590238 ops/s] YCSB Load Injector (58%)
[WORKER BREAKDOWN] io_submit 19% - io_getevents  40% - io_cb   5% - wait   1% - slab_cb  33% -  283324 ops -  283312 ops/s -  13 ops / loop - 10589 cycles/op
[WORKER BREAKDOWN] io_submit 18% - io_getevents  37% - io_cb   4% - wait   0% - slab_cb  38% -  306961 ops -  306941 ops/s -  17 ops / loop - 9774 cycles/op
(_launch_ycsb,47) [ 11s] [ 590462 ops/s] YCSB Load Injector (64%)
[WORKER BREAKDOWN] io_submit 19% - io_getevents  40% - io_cb   5% - wait   1% - slab_cb  33% -  283237 ops -  283235 ops/s -  13 ops / loop - 10592 cycles/op
[WORKER BREAKDOWN] io_submit 18% - io_getevents  37% - io_cb   4% - wait   0% - slab_cb  38% -  307251 ops -  307235 ops/s -  18 ops / loop - 9764 cycles/op
(_launch_ycsb,47) [ 12s] [ 588006 ops/s] YCSB Load Injector (70%)
[WORKER BREAKDOWN] io_submit 19% - io_getevents  40% - io_cb   5% - wait   1% - slab_cb  32% -  281896 ops -  281895 ops/s -  13 ops / loop - 10642 cycles/op
[WORKER BREAKDOWN] io_submit 18% - io_getevents  37% - io_cb   4% - wait   0% - slab_cb  38% -  306125 ops -  306108 ops/s -  18 ops / loop - 9800 cycles/op
(_launch_ycsb,47) [ 13s] [ 588659 ops/s] YCSB Load Injector (76%)
[WORKER BREAKDOWN] io_submit 19% - io_getevents  40% - io_cb   5% - wait   1% - slab_cb  32% -  282153 ops -  282141 ops/s -  13 ops / loop - 10633 cycles/op
[WORKER BREAKDOWN] io_submit 18% - io_getevents  37% - io_cb   4% - wait   0% - slab_cb  38% -  306474 ops -  306473 ops/s -  18 ops / loop - 9789 cycles/op
(_launch_ycsb,47) [ 14s] [ 586670 ops/s] YCSB Load Injector (82%)
[WORKER BREAKDOWN] io_submit 19% - io_getevents  40% - io_cb   5% - wait   2% - slab_cb  32% -  281260 ops -  281252 ops/s -  12 ops / loop - 10666 cycles/op
[WORKER BREAKDOWN] io_submit 18% - io_getevents  37% - io_cb   4% - wait   0% - slab_cb  38% -  305421 ops -  305419 ops/s -  18 ops / loop - 9822 cycles/op
(_launch_ycsb,47) [ 15s] [ 588196 ops/s] YCSB Load Injector (88%)
[WORKER BREAKDOWN] io_submit 19% - io_getevents  40% - io_cb   5% - wait   2% - slab_cb  32% -  282244 ops -  282235 ops/s -  12 ops / loop - 10629 cycles/op
[WORKER BREAKDOWN] io_submit 18% - io_getevents  37% - io_cb   4% - wait   0% - slab_cb  38% -  306035 ops -  306021 ops/s -  18 ops / loop - 9803 cycles/op
(_launch_ycsb,47) [ 16s] [ 586965 ops/s] YCSB Load Injector (94%)
[WORKER BREAKDOWN] io_submit 19% - io_getevents  40% - io_cb   5% - wait   2% - slab_cb  32% -  281477 ops -  281461 ops/s -  12 ops / loop - 10658 cycles/op
[WORKER BREAKDOWN] io_submit 18% - io_getevents  37% - io_cb   4% - wait   0% - slab_cb  38% -  305500 ops -  305485 ops/s -  18 ops / loop - 9820 cycles/op
(run_workload,269) [ 16998ms] YCSB B - Zipf - 10000000 requests (588284 req/s)
#Latency:
#	AVG - 91 us
#	99p - 202 us
#	max - 363 us
[WORKER BREAKDOWN] io_submit  7% - io_getevents  16% - io_cb   2% - wait  60% - slab_cb  13% -  280472 ops -  113645 ops/s -  12 ops / loop - 26398 cycles/op
[WORKER BREAKDOWN] io_submit  7% - io_getevents  15% - io_cb   1% - wait  59% - slab_cb  15% -  304195 ops -  123273 ops/s -  17 ops / loop - 24336 cycles/op
(_launch_ycsb,47) [  1s] [ 681477 ops/s] YCSB Load Injector (6%)
[WORKER BREAKDOWN] io_submit 18% - io_getevents  31% - io_cb   4% - wait   0% - slab_cb  44% -  354183 ops -  354173 ops/s -  19 ops / loop - 8470 cycles/op
[WORKER BREAKDOWN] io_submit 18% - io_getevents  35% - io_cb   6% - wait   1% - slab_cb  38% -  327304 ops -  327287 ops/s -  14 ops / loop - 9166 cycles/op
(_launch_ycsb,47) [  2s] [ 682206 ops/s] YCSB Load Injector (13%)
[WORKER BREAKDOWN] io_submit 18% - io_getevents  31% - io_cb   4% - wait   0% - slab_cb  45% -  355177 ops -  355171 ops/s -  19 ops / loop - 8446 cycles/op
[WORKER BREAKDOWN] io_submit 18% - io_getevents  35% - io_cb   6% - wait   1% - slab_cb  38% -  327035 ops -  327022 ops/s -  14 ops / loop - 9173 cycles/op
(_launch_ycsb,47) [  3s] [ 680956 ops/s] YCSB Load Injector (20%)
[WORKER BREAKDOWN] io_submit 18% - io_getevents  31% - io_cb   4% - wait   0% - slab_cb  45% -  354941 ops -  354937 ops/s -  19 ops / loop - 8452 cycles/op
[WORKER BREAKDOWN] io_submit 18% - io_getevents  35% - io_cb   6% - wait   1% - slab_cb  38% -  326049 ops -  326022 ops/s -  13 ops / loop - 9202 cycles/op
(_launch_ycsb,47) [  4s] [ 682694 ops/s] YCSB Load Injector (27%)
[WORKER BREAKDOWN] io_submit 18% - io_getevents  31% - io_cb   4% - wait   0% - slab_cb  45% -  355599 ops -  355578 ops/s -  19 ops / loop - 8437 cycles/op
[WORKER BREAKDOWN] io_submit 18% - io_getevents  35% - io_cb   6% - wait   1% - slab_cb  38% -  327137 ops -  327128 ops/s -  13 ops / loop - 9170 cycles/op
(_launch_ycsb,47) [  5s] [ 683099 ops/s] YCSB Load Injector (34%)
[WORKER BREAKDOWN] io_submit 18% - io_getevents  31% - io_cb   4% - wait   0% - slab_cb  45% -  354907 ops -  354885 ops/s -  19 ops / loop - 8453 cycles/op
[WORKER BREAKDOWN] io_submit 18% - io_getevents  34% - io_cb   6% - wait   1% - slab_cb  38% -  328216 ops -  328210 ops/s -  14 ops / loop - 9140 cycles/op
(_launch_ycsb,47) [  6s] [ 681684 ops/s] YCSB Load Injector (40%)
[WORKER BREAKDOWN] io_submit 18% - io_getevents  31% - io_cb   4% - wait   0% - slab_cb  45% -  354870 ops -  354851 ops/s -  19 ops / loop - 8454 cycles/op
[WORKER BREAKDOWN] io_submit 18% - io_getevents  35% - io_cb   6% - wait   1% - slab_cb  38% -  326842 ops -  326830 ops/s -  13 ops / loop - 9179 cycles/op
(_launch_ycsb,47) [  7s] [ 682980 ops/s] YCSB Load Injector (47%)
[WORKER BREAKDOWN] io_submit 18% - io_getevents  34% - io_cb   6% - wait   1% - slab_cb  39% -  328059 ops -  328056 ops/s -  14 ops / loop - 9145 cycles/op
[WORKER BREAKDOWN] io_submit 18% - io_getevents  31% - io_cb   4% - wait   0% - slab_cb  44% -  354922 ops -  354901 ops/s -  19 ops / loop - 8453 cycles/op
(_launch_ycsb,47) [  8s] [ 682188 ops/s] YCSB Load Injector (54%)
[WORKER BREAKDOWN] io_submit 18% - io_getevents  31% - io_cb   4% - wait   0% - slab_cb  45% -  354925 ops -  354914 ops/s -  19 ops / loop - 8453 cycles/op
[WORKER BREAKDOWN] io_submit 18% - io_getevents  35% - io_cb   6% - wait   1% - slab_cb  38% -  327299 ops -  327274 ops/s -  13 ops / loop - 9166 cycles/op
(_launch_ycsb,47) [  9s] [ 681302 ops/s] YCSB Load Injector (61%)
[WORKER BREAKDOWN] io_submit 18% - io_getevents  35% - io_cb   6% - wait   1% - slab_cb  38% -  326639 ops -  326636 ops/s -  14 ops / loop - 9184 cycles/op
[WORKER BREAKDOWN] io_submit 18% - io_getevents  31% - io_cb   4% - wait   0% - slab_cb  45% -  354691 ops -  354677 ops/s -  19 ops / loop - 8458 cycles/op
(_launch_ycsb,47) [ 10s] [ 681222 ops/s] YCSB Load Injector (68%)
[WORKER BREAKDOWN] io_submit 18% - io_getevents  31% - io_cb   4% - wait   0% - slab_cb  45% -  354408 ops -  354403 ops/s -  19 ops / loop - 8465 cycles/op
[WORKER BREAKDOWN] io_submit 18% - io_getevents  35% - io_cb   6% - wait   1% - slab_cb  38% -  326825 ops -  326812 ops/s -  13 ops / loop - 9179 cycles/op
(_launch_ycsb,47) [ 11s] [ 681685 ops/s] YCSB Load Injector (75%)
[WORKER BREAKDOWN] io_submit 18% - io_getevents  35% - io_cb   6% - wait   1% - slab_cb  38% -  327159 ops -  327156 ops/s -  13 ops / loop - 9170 cycles/op
[WORKER BREAKDOWN] io_submit 18% - io_getevents  31% - io_cb   4% - wait   0% - slab_cb  45% -  354525 ops -  354512 ops/s -  19 ops / loop - 8462 cycles/op
(_launch_ycsb,47) [ 12s] [ 682658 ops/s] YCSB Load Injector (81%)
[WORKER BREAKDOWN] io_submit 18% - io_getevents  31% - io_cb   4% - wait   0% - slab_cb  44% -  355553 ops -  355550 ops/s -  19 ops / loop - 8437 cycles/op
[WORKER BREAKDOWN] io_submit 18% - io_getevents  35% - io_cb   6% - wait   1% - slab_cb  38% -  327144 ops -  327129 ops/s -  14 ops / loop - 9170 cycles/op
(_launch_ycsb,47) [ 13s] [ 681598 ops/s] YCSB Load Injector (88%)
[WORKER BREAKDOWN] io_submit 18% - io_getevents  31% - io_cb   4% - wait   0% - slab_cb  45% -  354608 ops -  354593 ops/s -  19 ops / loop - 8460 cycles/op
[WORKER BREAKDOWN] io_submit 18% - io_getevents  35% - io_cb   6% - wait   1% - slab_cb  38% -  327030 ops -  327019 ops/s -  13 ops / loop - 9174 cycles/op
(_launch_ycsb,47) [ 14s] [ 682061 ops/s] YCSB Load Injector (95%)
[WORKER BREAKDOWN] io_submit 18% - io_getevents  35% - io_cb   6% - wait   1% - slab_cb  38% -  327120 ops -  327119 ops/s -  13 ops / loop - 9171 cycles/op
[WORKER BREAKDOWN] io_submit 18% - io_getevents  31% - io_cb   4% - wait   0% - slab_cb  44% -  354920 ops -  354901 ops/s -  19 ops / loop - 8453 cycles/op
(run_workload,269) [ 14662ms] YCSB C - Zipf - 10000000 requests (682023 req/s)
#Latency:
#	AVG - 79 us
#	99p - 177 us
#	max - 352 us
